<?xml version="1.0" encoding="UTF-8"?>
<!-- Generated by org.testng.reporters.JUnitXMLReporter -->
<testsuite ignored="0" hostname="Hp" failures="0" tests="2" name="Default test" time="55.543" errors="0" timestamp="2024-03-07T18:27:38 IST">
  <testcase classname="com.cowstudios.qa.testcases.TableHTMLTagPageTest" name="tableHTMLTagPageTitle" time="0.028"/>
  <testcase classname="com.cowstudios.qa.testcases.TableHTMLTagPageTest" name="testDataComparisonWithJSON" time="25.939"/>
</testsuite> <!-- Default test -->
