<?xml version="1.0" encoding="UTF-8"?>
<testng-results ignored="0" total="2" passed="2" failed="0" skipped="0">
  <reporter-output>
  </reporter-output>
  <suite started-at="2024-03-07T18:26:43 IST" name="Default suite" finished-at="2024-03-07T18:27:38 IST" duration-ms="55543">
    <groups>
    </groups>
    <test started-at="2024-03-07T18:26:43 IST" name="Default test" finished-at="2024-03-07T18:27:38 IST" duration-ms="55543">
      <class name="com.cowstudios.qa.testcases.TableHTMLTagPageTest">
        <test-method is-config="true" signature="setUp()[pri:0, instance:com.cowstudios.qa.testcases.TableHTMLTagPageTest@3270d194]" started-at="2024-03-07T18:26:43 IST" name="setUp" finished-at="2024-03-07T18:26:58 IST" duration-ms="15296" status="PASS">
          <reporter-output>
          </reporter-output>
        </test-method> <!-- setUp -->
        <test-method signature="tableHTMLTagPageTitle()[pri:1, instance:com.cowstudios.qa.testcases.TableHTMLTagPageTest@3270d194]" started-at="2024-03-07T18:26:58 IST" name="tableHTMLTagPageTitle" finished-at="2024-03-07T18:26:58 IST" duration-ms="28" status="PASS">
          <reporter-output>
          </reporter-output>
        </test-method> <!-- tableHTMLTagPageTitle -->
        <test-method is-config="true" signature="tearDown()[pri:0, instance:com.cowstudios.qa.testcases.TableHTMLTagPageTest@3270d194]" started-at="2024-03-07T18:26:58 IST" name="tearDown" finished-at="2024-03-07T18:27:01 IST" duration-ms="2622" status="PASS">
          <reporter-output>
          </reporter-output>
        </test-method> <!-- tearDown -->
        <test-method is-config="true" signature="setUp()[pri:0, instance:com.cowstudios.qa.testcases.TableHTMLTagPageTest@3270d194]" started-at="2024-03-07T18:27:01 IST" name="setUp" finished-at="2024-03-07T18:27:12 IST" duration-ms="11042" status="PASS">
          <reporter-output>
          </reporter-output>
        </test-method> <!-- setUp -->
        <test-method signature="testDataComparisonWithJSON([[Ljava.lang.Object;)[pri:1, instance:com.cowstudios.qa.testcases.TableHTMLTagPageTest@3270d194]" started-at="2024-03-07T18:27:12 IST" name="testDataComparisonWithJSON" data-provider="testData" finished-at="2024-03-07T18:27:38 IST" duration-ms="25939" status="PASS">
          <params>
            <param index="0">
              <value>
                <![CDATA[[[Ljava.lang.Object;@6f70f32f]]>
              </value>
            </param>
          </params>
          <reporter-output>
          </reporter-output>
        </test-method> <!-- testDataComparisonWithJSON -->
        <test-method is-config="true" signature="tearDown()[pri:0, instance:com.cowstudios.qa.testcases.TableHTMLTagPageTest@3270d194]" started-at="2024-03-07T18:27:38 IST" name="tearDown" finished-at="2024-03-07T18:27:38 IST" duration-ms="500" status="PASS">
          <reporter-output>
          </reporter-output>
        </test-method> <!-- tearDown -->
      </class> <!-- com.cowstudios.qa.testcases.TableHTMLTagPageTest -->
    </test> <!-- Default test -->
  </suite> <!-- Default suite -->
</testng-results>
